2022-11-06 15:50:01,869 [Worker-3: Loading available Gradle versions] INFO  o.e.b.c.i.u.g.PublishedGradleVersions - Gradle version information cache is up-to-date. Trying to read.
2022-11-06 15:51:28,714 [Worker-4: Launching mavenrun-e74cfa96-9e4c-4806-9b02-be5c6ec8aa30] INFO  o.e.m.i.launch.MavenLaunchDelegate - C:\Users\lenovo\eclipse-workspace\cucumber_project
2022-11-06 15:51:28,721 [Worker-4: Launching mavenrun-e74cfa96-9e4c-4806-9b02-be5c6ec8aa30] INFO  o.e.m.i.launch.MavenLaunchDelegate -  mvn -DarchetypeVersion=1.1 -Dpackage=Cucumber_pro.Cucumber_pro -DarchetypeGroupId=org.apache.maven.archetypes -DarchetypeArtifactId=maven-archetype-quickstart -DgroupId=Cucumber-pro -DartifactId=Cucumber-pro -DoutputDirectory=C:\Users\lenovo\eclipse-workspace\cucumber_project -Dversion=0.0.1-SNAPSHOT -Dstyle.color=always -U archetype:generate
2022-11-06 15:52:02,230 [Worker-6: Creating maven-archetype-quickstart] INFO  o.e.m.c.i.p.ProjectConfigurationManager - Collecting project info '/pom.xml' C:\Users\lenovo\eclipse-workspace\cucumber_project\Cucumber-pro\pom.xml
2022-11-06 15:52:08,744 [Worker-6: Creating maven-archetype-quickstart] INFO  o.e.m.c.i.l.LifecycleMappingFactory - Using org.eclipse.m2e.jdt.JarLifecycleMapping lifecycle mapping for MavenProject: Cucumber-pro:Cucumber-pro:0.0.1-SNAPSHOT @ C:\Users\lenovo\eclipse-workspace\cucumber_project\Cucumber-pro\pom.xml.
2022-11-06 15:52:10,271 [Worker-6: Creating maven-archetype-quickstart] INFO  o.e.m.j.i.AbstractJavaProjectConfigurator - Adding source folder /Cucumber-pro/src/main/java
2022-11-06 15:52:10,303 [Worker-6: Creating maven-archetype-quickstart] INFO  o.e.m.j.i.AbstractJavaProjectConfigurator - Adding source folder /Cucumber-pro/src/test/java
2022-11-06 15:52:10,496 [Worker-6: Creating maven-archetype-quickstart] INFO  o.e.m.c.i.p.ProjectConfigurationManager - Imported and configured 1 project(s) in 8 sec
2022-11-06 15:52:11,190 [Worker-7: Building] INFO  o.e.m.c.i.embedder.EclipseLogger - Using 'UTF-8' encoding to copy filtered resources.
2022-11-06 15:52:11,191 [Worker-7: Building] INFO  o.e.m.c.i.embedder.EclipseLogger - skip non existing resourceDirectory C:\Users\lenovo\eclipse-workspace\cucumber_project\Cucumber-pro\src\main\resources
2022-11-06 15:52:11,200 [Worker-7: Building] INFO  o.e.m.c.i.embedder.EclipseLogger - Using 'UTF-8' encoding to copy filtered resources.
2022-11-06 15:52:11,200 [Worker-7: Building] INFO  o.e.m.c.i.embedder.EclipseLogger - skip non existing resourceDirectory C:\Users\lenovo\eclipse-workspace\cucumber_project\Cucumber-pro\src\test\resources
2022-11-06 15:52:45,341 [Worker-5: Building] INFO  o.e.m.c.i.l.LifecycleMappingFactory - Using org.eclipse.m2e.jdt.JarLifecycleMapping lifecycle mapping for MavenProject: com.techfios:Cucumber_Assignment_2:0.0.1-SNAPSHOT @ C:\Users\lenovo\eclipse-workspace\cucumber_project\Cucumber-pro\pom.xml.
2022-11-06 15:52:50,347 [Worker-5: Building] INFO  o.e.m.c.i.embedder.EclipseLogger - Using 'UTF-8' encoding to copy filtered resources.
2022-11-06 15:52:50,348 [Worker-5: Building] INFO  o.e.m.c.i.embedder.EclipseLogger - skip non existing resourceDirectory C:\Users\lenovo\eclipse-workspace\cucumber_project\Cucumber-pro\src\main\resources
2022-11-06 15:52:50,353 [Worker-5: Building] INFO  o.e.m.c.i.embedder.EclipseLogger - Using 'UTF-8' encoding to copy filtered resources.
2022-11-06 15:52:50,354 [Worker-5: Building] INFO  o.e.m.c.i.embedder.EclipseLogger - skip non existing resourceDirectory C:\Users\lenovo\eclipse-workspace\cucumber_project\Cucumber-pro\src\test\resources
2022-11-06 15:52:51,835 [Worker-0: Building] INFO  o.e.m.c.i.embedder.EclipseLogger - Using 'UTF-8' encoding to copy filtered resources.
2022-11-06 15:52:51,835 [Worker-0: Building] INFO  o.e.m.c.i.embedder.EclipseLogger - skip non existing resourceDirectory C:\Users\lenovo\eclipse-workspace\cucumber_project\Cucumber-pro\src\main\resources
2022-11-06 15:52:51,838 [Worker-0: Building] INFO  o.e.m.c.i.embedder.EclipseLogger - Using 'UTF-8' encoding to copy filtered resources.
2022-11-06 15:52:51,839 [Worker-0: Building] INFO  o.e.m.c.i.embedder.EclipseLogger - skip non existing resourceDirectory C:\Users\lenovo\eclipse-workspace\cucumber_project\Cucumber-pro\src\test\resources
2022-11-06 15:52:59,105 [Worker-10: Launching Executing clean in C__Users_lenovo_eclipse-workspace_cucumber_project_Cucumber-pro] INFO  o.e.m.i.launch.MavenLaunchDelegate - C:\Users\lenovo\eclipse-workspace\cucumber_project\Cucumber-pro
2022-11-06 15:52:59,106 [Worker-10: Launching Executing clean in C__Users_lenovo_eclipse-workspace_cucumber_project_Cucumber-pro] INFO  o.e.m.i.launch.MavenLaunchDelegate -  mvn -B -Dstyle.color=always clean
2022-11-06 15:53:03,048 [Worker-1: Building] INFO  o.e.m.c.i.embedder.EclipseLogger - Using 'UTF-8' encoding to copy filtered resources.
2022-11-06 15:53:03,049 [Worker-1: Building] INFO  o.e.m.c.i.embedder.EclipseLogger - skip non existing resourceDirectory C:\Users\lenovo\eclipse-workspace\cucumber_project\Cucumber-pro\src\main\resources
2022-11-06 15:53:03,053 [Worker-1: Building] INFO  o.e.m.c.i.embedder.EclipseLogger - Using 'UTF-8' encoding to copy filtered resources.
2022-11-06 15:53:03,054 [Worker-1: Building] INFO  o.e.m.c.i.embedder.EclipseLogger - skip non existing resourceDirectory C:\Users\lenovo\eclipse-workspace\cucumber_project\Cucumber-pro\src\test\resources
2022-11-06 15:53:08,426 [main] INFO  o.e.m2e.actions.ExecutePomAction - Creating new launch configuration
2022-11-06 15:53:14,715 [Worker-8: Launching Cucumber-pro] INFO  o.e.m.i.launch.MavenLaunchDelegate - C:\Users\lenovo\eclipse-workspace\cucumber_project\Cucumber-pro
2022-11-06 15:53:14,715 [Worker-8: Launching Cucumber-pro] INFO  o.e.m.i.launch.MavenLaunchDelegate -  mvn -B -Dstyle.color=always clean install
2022-11-06 15:53:44,454 [Worker-1: Building] INFO  o.e.m.c.i.embedder.EclipseLogger - Using 'UTF-8' encoding to copy filtered resources.
2022-11-06 15:53:44,454 [Worker-1: Building] INFO  o.e.m.c.i.embedder.EclipseLogger - skip non existing resourceDirectory C:\Users\lenovo\eclipse-workspace\cucumber_project\Cucumber-pro\src\main\resources
2022-11-06 15:53:44,459 [Worker-1: Building] INFO  o.e.m.c.i.embedder.EclipseLogger - Using 'UTF-8' encoding to copy filtered resources.
2022-11-06 15:53:44,460 [Worker-1: Building] INFO  o.e.m.c.i.embedder.EclipseLogger - skip non existing resourceDirectory C:\Users\lenovo\eclipse-workspace\cucumber_project\Cucumber-pro\src\test\resources
2022-11-06 15:53:49,582 [main] INFO  o.e.m2e.actions.ExecutePomAction - Using existing launch configuration
2022-11-06 15:53:49,715 [Worker-7: Launching Cucumber-pro] INFO  o.e.m.i.launch.MavenLaunchDelegate - C:\Users\lenovo\eclipse-workspace\cucumber_project\Cucumber-pro
2022-11-06 15:53:49,716 [Worker-7: Launching Cucumber-pro] INFO  o.e.m.i.launch.MavenLaunchDelegate -  mvn -B -Dstyle.color=always clean install
2022-11-06 15:54:39,587 [Worker-9: Building] INFO  o.e.m.c.i.embedder.EclipseLogger - Using 'UTF-8' encoding to copy filtered resources.
2022-11-06 15:54:39,588 [Worker-9: Building] INFO  o.e.m.c.i.embedder.EclipseLogger - skip non existing resourceDirectory C:\Users\lenovo\eclipse-workspace\cucumber_project\Cucumber-pro\src\main\resources
2022-11-06 15:54:39,594 [Worker-9: Building] INFO  o.e.m.c.i.embedder.EclipseLogger - Using 'UTF-8' encoding to copy filtered resources.
2022-11-06 15:54:39,595 [Worker-9: Building] INFO  o.e.m.c.i.embedder.EclipseLogger - skip non existing resourceDirectory C:\Users\lenovo\eclipse-workspace\cucumber_project\Cucumber-pro\src\test\resources
2022-11-06 15:54:55,527 [Worker-1: Launching Executing install in C__Users_lenovo_eclipse-workspace_cucumber_project_Cucumber-pro] INFO  o.e.m.i.launch.MavenLaunchDelegate - C:\Users\lenovo\eclipse-workspace\cucumber_project\Cucumber-pro
2022-11-06 15:54:55,527 [Worker-1: Launching Executing install in C__Users_lenovo_eclipse-workspace_cucumber_project_Cucumber-pro] INFO  o.e.m.i.launch.MavenLaunchDelegate -  mvn -B -Dstyle.color=always install
2022-11-06 15:55:00,744 [Worker-6: Building] INFO  o.e.m.c.i.embedder.EclipseLogger - Using 'UTF-8' encoding to copy filtered resources.
2022-11-06 15:55:00,744 [Worker-6: Building] INFO  o.e.m.c.i.embedder.EclipseLogger - skip non existing resourceDirectory C:\Users\lenovo\eclipse-workspace\cucumber_project\Cucumber-pro\src\main\resources
2022-11-06 15:55:00,747 [Worker-6: Building] INFO  o.e.m.c.i.embedder.EclipseLogger - Using 'UTF-8' encoding to copy filtered resources.
2022-11-06 15:55:00,747 [Worker-6: Building] INFO  o.e.m.c.i.embedder.EclipseLogger - skip non existing resourceDirectory C:\Users\lenovo\eclipse-workspace\cucumber_project\Cucumber-pro\src\test\resources
2022-11-06 15:56:06,699 [Worker-4: Building] INFO  o.e.m.c.i.embedder.EclipseLogger - Using 'UTF-8' encoding to copy filtered resources.
2022-11-06 15:56:06,700 [Worker-4: Building] INFO  o.e.m.c.i.embedder.EclipseLogger - skip non existing resourceDirectory C:\Users\lenovo\eclipse-workspace\cucumber_project\Cucumber-pro\src\main\resources
2022-11-06 15:56:06,703 [Worker-4: Building] INFO  o.e.m.c.i.embedder.EclipseLogger - Using 'UTF-8' encoding to copy filtered resources.
2022-11-06 15:56:06,704 [Worker-4: Building] INFO  o.e.m.c.i.embedder.EclipseLogger - skip non existing resourceDirectory C:\Users\lenovo\eclipse-workspace\cucumber_project\Cucumber-pro\src\test\resources
2022-11-06 15:56:08,629 [Worker-8: Building] INFO  o.e.m.c.i.embedder.EclipseLogger - Using 'UTF-8' encoding to copy filtered resources.
2022-11-06 15:56:08,629 [Worker-8: Building] INFO  o.e.m.c.i.embedder.EclipseLogger - skip non existing resourceDirectory C:\Users\lenovo\eclipse-workspace\cucumber_project\Cucumber-pro\src\main\resources
2022-11-06 15:56:08,632 [Worker-8: Building] INFO  o.e.m.c.i.embedder.EclipseLogger - Using 'UTF-8' encoding to copy filtered resources.
2022-11-06 15:56:08,632 [Worker-8: Building] INFO  o.e.m.c.i.embedder.EclipseLogger - skip non existing resourceDirectory C:\Users\lenovo\eclipse-workspace\cucumber_project\Cucumber-pro\src\test\resources
2022-11-06 16:03:08,514 [Worker-11: Building] INFO  o.e.m.c.i.embedder.EclipseLogger - Using 'UTF-8' encoding to copy filtered resources.
2022-11-06 16:03:08,516 [Worker-11: Building] INFO  o.e.m.c.i.embedder.EclipseLogger - skip non existing resourceDirectory C:\Users\lenovo\eclipse-workspace\cucumber_project\Cucumber-pro\src\main\resources
2022-11-06 16:03:08,519 [Worker-11: Building] INFO  o.e.m.c.i.embedder.EclipseLogger - Using 'UTF-8' encoding to copy filtered resources.
2022-11-06 16:03:08,519 [Worker-11: Building] INFO  o.e.m.c.i.embedder.EclipseLogger - skip non existing resourceDirectory C:\Users\lenovo\eclipse-workspace\cucumber_project\Cucumber-pro\src\test\resources
2022-11-06 16:03:11,302 [Worker-5: Building] INFO  o.e.m.c.i.embedder.EclipseLogger - Using 'UTF-8' encoding to copy filtered resources.
2022-11-06 16:03:11,302 [Worker-5: Building] INFO  o.e.m.c.i.embedder.EclipseLogger - skip non existing resourceDirectory C:\Users\lenovo\eclipse-workspace\cucumber_project\Cucumber-pro\src\main\resources
2022-11-06 16:03:11,305 [Worker-5: Building] INFO  o.e.m.c.i.embedder.EclipseLogger - Using 'UTF-8' encoding to copy filtered resources.
2022-11-06 16:03:11,305 [Worker-5: Building] INFO  o.e.m.c.i.embedder.EclipseLogger - skip non existing resourceDirectory C:\Users\lenovo\eclipse-workspace\cucumber_project\Cucumber-pro\src\test\resources
2022-11-06 16:03:24,807 [Worker-11: Building] INFO  o.e.m.c.i.embedder.EclipseLogger - Using 'UTF-8' encoding to copy filtered resources.
2022-11-06 16:03:24,808 [Worker-11: Building] INFO  o.e.m.c.i.embedder.EclipseLogger - skip non existing resourceDirectory C:\Users\lenovo\eclipse-workspace\cucumber_project\Cucumber-pro\src\main\resources
2022-11-06 16:03:24,812 [Worker-11: Building] INFO  o.e.m.c.i.embedder.EclipseLogger - Using 'UTF-8' encoding to copy filtered resources.
2022-11-06 16:03:24,812 [Worker-11: Building] INFO  o.e.m.c.i.embedder.EclipseLogger - skip non existing resourceDirectory C:\Users\lenovo\eclipse-workspace\cucumber_project\Cucumber-pro\src\test\resources
2022-11-06 16:03:27,451 [Worker-5: Building] INFO  o.e.m.c.i.embedder.EclipseLogger - Using 'UTF-8' encoding to copy filtered resources.
2022-11-06 16:03:27,452 [Worker-5: Building] INFO  o.e.m.c.i.embedder.EclipseLogger - skip non existing resourceDirectory C:\Users\lenovo\eclipse-workspace\cucumber_project\Cucumber-pro\src\main\resources
2022-11-06 16:03:27,457 [Worker-5: Building] INFO  o.e.m.c.i.embedder.EclipseLogger - Using 'UTF-8' encoding to copy filtered resources.
2022-11-06 16:03:27,457 [Worker-5: Building] INFO  o.e.m.c.i.embedder.EclipseLogger - skip non existing resourceDirectory C:\Users\lenovo\eclipse-workspace\cucumber_project\Cucumber-pro\src\test\resources
2022-11-06 16:03:31,114 [Worker-11: Building] INFO  o.e.m.c.i.embedder.EclipseLogger - Using 'UTF-8' encoding to copy filtered resources.
2022-11-06 16:03:31,115 [Worker-11: Building] INFO  o.e.m.c.i.embedder.EclipseLogger - skip non existing resourceDirectory C:\Users\lenovo\eclipse-workspace\cucumber_project\Cucumber-pro\src\main\resources
2022-11-06 16:03:31,118 [Worker-11: Building] INFO  o.e.m.c.i.embedder.EclipseLogger - Using 'UTF-8' encoding to copy filtered resources.
2022-11-06 16:03:31,119 [Worker-11: Building] INFO  o.e.m.c.i.embedder.EclipseLogger - skip non existing resourceDirectory C:\Users\lenovo\eclipse-workspace\cucumber_project\Cucumber-pro\src\test\resources
2022-11-06 16:03:41,451 [Worker-11: Launching Executing install in C__Users_lenovo_eclipse-workspace_cucumber_project_Cucumber-pro] INFO  o.e.m.i.launch.MavenLaunchDelegate - C:\Users\lenovo\eclipse-workspace\cucumber_project\Cucumber-pro
2022-11-06 16:03:41,451 [Worker-11: Launching Executing install in C__Users_lenovo_eclipse-workspace_cucumber_project_Cucumber-pro] INFO  o.e.m.i.launch.MavenLaunchDelegate -  mvn -B -Dstyle.color=always install
2022-11-06 16:03:50,710 [Worker-5: Building] INFO  o.e.m.c.i.embedder.EclipseLogger - Using 'UTF-8' encoding to copy filtered resources.
2022-11-06 16:03:50,711 [Worker-5: Building] INFO  o.e.m.c.i.embedder.EclipseLogger - skip non existing resourceDirectory C:\Users\lenovo\eclipse-workspace\cucumber_project\Cucumber-pro\src\main\resources
2022-11-06 16:03:50,713 [Worker-5: Building] INFO  o.e.m.c.i.embedder.EclipseLogger - Using 'UTF-8' encoding to copy filtered resources.
2022-11-06 16:03:50,714 [Worker-5: Building] INFO  o.e.m.c.i.embedder.EclipseLogger - skip non existing resourceDirectory C:\Users\lenovo\eclipse-workspace\cucumber_project\Cucumber-pro\src\test\resources
2022-11-06 16:04:13,164 [Worker-5: Building] INFO  o.e.m.c.i.embedder.EclipseLogger - Using 'UTF-8' encoding to copy filtered resources.
2022-11-06 16:04:13,164 [Worker-5: Building] INFO  o.e.m.c.i.embedder.EclipseLogger - skip non existing resourceDirectory C:\Users\lenovo\eclipse-workspace\cucumber_project\Cucumber-pro\src\main\resources
2022-11-06 16:04:13,169 [Worker-5: Building] INFO  o.e.m.c.i.embedder.EclipseLogger - Using 'UTF-8' encoding to copy filtered resources.
2022-11-06 16:04:13,170 [Worker-5: Building] INFO  o.e.m.c.i.embedder.EclipseLogger - skip non existing resourceDirectory C:\Users\lenovo\eclipse-workspace\cucumber_project\Cucumber-pro\src\test\resources
2022-11-06 16:04:16,625 [Worker-11: Building] INFO  o.e.m.c.i.embedder.EclipseLogger - Using 'UTF-8' encoding to copy filtered resources.
2022-11-06 16:04:16,626 [Worker-11: Building] INFO  o.e.m.c.i.embedder.EclipseLogger - skip non existing resourceDirectory C:\Users\lenovo\eclipse-workspace\cucumber_project\Cucumber-pro\src\main\resources
2022-11-06 16:04:16,632 [Worker-11: Building] INFO  o.e.m.c.i.embedder.EclipseLogger - Using 'UTF-8' encoding to copy filtered resources.
2022-11-06 16:04:16,633 [Worker-11: Building] INFO  o.e.m.c.i.embedder.EclipseLogger - skip non existing resourceDirectory C:\Users\lenovo\eclipse-workspace\cucumber_project\Cucumber-pro\src\test\resources
2022-11-06 16:04:20,192 [Worker-13: Building] INFO  o.e.m.c.i.embedder.EclipseLogger - Using 'UTF-8' encoding to copy filtered resources.
2022-11-06 16:04:20,192 [Worker-13: Building] INFO  o.e.m.c.i.embedder.EclipseLogger - skip non existing resourceDirectory C:\Users\lenovo\eclipse-workspace\cucumber_project\Cucumber-pro\src\main\resources
2022-11-06 16:04:20,194 [Worker-13: Building] INFO  o.e.m.c.i.embedder.EclipseLogger - Using 'UTF-8' encoding to copy filtered resources.
2022-11-06 16:04:20,194 [Worker-13: Building] INFO  o.e.m.c.i.embedder.EclipseLogger - skip non existing resourceDirectory C:\Users\lenovo\eclipse-workspace\cucumber_project\Cucumber-pro\src\test\resources
2022-11-06 16:07:37,921 [Worker-11: Building] INFO  o.e.m.c.i.embedder.EclipseLogger - Using 'UTF-8' encoding to copy filtered resources.
2022-11-06 16:07:37,922 [Worker-11: Building] INFO  o.e.m.c.i.embedder.EclipseLogger - skip non existing resourceDirectory C:\Users\lenovo\eclipse-workspace\cucumber_project\Cucumber-pro\src\main\resources
2022-11-06 16:07:37,925 [Worker-11: Building] INFO  o.e.m.c.i.embedder.EclipseLogger - Using 'UTF-8' encoding to copy filtered resources.
2022-11-06 16:07:37,925 [Worker-11: Building] INFO  o.e.m.c.i.embedder.EclipseLogger - skip non existing resourceDirectory C:\Users\lenovo\eclipse-workspace\cucumber_project\Cucumber-pro\src\test\resources
2022-11-06 16:09:27,445 [Worker-0: Loading available Gradle versions] INFO  o.e.b.c.i.u.g.PublishedGradleVersions - Gradle version information cache is up-to-date. Trying to read.
2022-11-06 16:10:10,013 [Worker-0: Loading available Gradle versions] INFO  o.e.b.c.i.u.g.PublishedGradleVersions - Gradle version information cache is up-to-date. Trying to read.
2022-11-06 16:12:12,254 [Worker-6: Launching Runner] INFO  o.e.m.c.i.embedder.EclipseLogger - Using 'UTF-8' encoding to copy filtered resources.
2022-11-06 16:12:12,256 [Worker-6: Launching Runner] INFO  o.e.m.c.i.embedder.EclipseLogger - skip non existing resourceDirectory C:\Users\lenovo\eclipse-workspace\cucumber_project\Cucumber-pro\src\main\resources
2022-11-06 16:12:12,263 [Worker-6: Launching Runner] INFO  o.e.m.c.i.embedder.EclipseLogger - Using 'UTF-8' encoding to copy filtered resources.
2022-11-06 16:12:12,264 [Worker-6: Launching Runner] INFO  o.e.m.c.i.embedder.EclipseLogger - skip non existing resourceDirectory C:\Users\lenovo\eclipse-workspace\cucumber_project\Cucumber-pro\src\test\resources
